ERROR [AWT-EventQueue-0] 2018-03-27 17:41:15,826 repast.simphony.ui.RSApplication - Error while initializing simulation
java.lang.NullPointerException
	at repast.simphony.engine.controller.ScheduledMethodControllerAction.processContext(ScheduledMethodControllerAction.java:157)
	at repast.simphony.engine.controller.ScheduledMethodControllerAction.runInitialize(ScheduledMethodControllerAction.java:182)
	at repast.simphony.engine.controller.DefaultController$2.visit(DefaultController.java:214)
	at repast.simphony.engine.controller.DefaultController$2.visit(DefaultController.java:1)
	at repast.simphony.util.collections.NaryTree.preOrderTraverals(NaryTree.java:292)
	at repast.simphony.util.collections.NaryTree.preOrderTraverals(NaryTree.java:295)
	at repast.simphony.util.collections.NaryTree.preOrderTraversal(NaryTree.java:288)
	at repast.simphony.engine.controller.DefaultController.runInitialize(DefaultController.java:212)
	at repast.simphony.engine.controller.DefaultController.runInitialize(DefaultController.java:383)
	at repast.simphony.ui.RSApplication.initSim(RSApplication.java:157)
	at repast.simphony.ui.action.InitRun.actionPerformed(InitRun.java:17)
	at javax.swing.AbstractButton.fireActionPerformed(Unknown Source)
	at javax.swing.AbstractButton$Handler.actionPerformed(Unknown Source)
	at javax.swing.DefaultButtonModel.fireActionPerformed(Unknown Source)
	at javax.swing.DefaultButtonModel.setPressed(Unknown Source)
	at javax.swing.plaf.basic.BasicButtonListener.mouseReleased(Unknown Source)
	at java.awt.AWTEventMulticaster.mouseReleased(Unknown Source)
	at java.awt.Component.processMouseEvent(Unknown Source)
	at javax.swing.JComponent.processMouseEvent(Unknown Source)
	at java.awt.Component.processEvent(Unknown Source)
	at java.awt.Container.processEvent(Unknown Source)
	at java.awt.Component.dispatchEventImpl(Unknown Source)
	at java.awt.Container.dispatchEventImpl(Unknown Source)
	at java.awt.Component.dispatchEvent(Unknown Source)
	at java.awt.LightweightDispatcher.retargetMouseEvent(Unknown Source)
	at java.awt.LightweightDispatcher.processMouseEvent(Unknown Source)
	at java.awt.LightweightDispatcher.dispatchEvent(Unknown Source)
	at java.awt.Container.dispatchEventImpl(Unknown Source)
	at java.awt.Window.dispatchEventImpl(Unknown Source)
	at java.awt.Component.dispatchEvent(Unknown Source)
	at java.awt.EventQueue.dispatchEventImpl(Unknown Source)
	at java.awt.EventQueue.access$500(Unknown Source)
	at java.awt.EventQueue$3.run(Unknown Source)
	at java.awt.EventQueue$3.run(Unknown Source)
	at java.security.AccessController.doPrivileged(Native Method)
	at java.security.ProtectionDomain$JavaSecurityAccessImpl.doIntersectionPrivilege(Unknown Source)
	at java.security.ProtectionDomain$JavaSecurityAccessImpl.doIntersectionPrivilege(Unknown Source)
	at java.awt.EventQueue$4.run(Unknown Source)
	at java.awt.EventQueue$4.run(Unknown Source)
	at java.security.AccessController.doPrivileged(Native Method)
	at java.security.ProtectionDomain$JavaSecurityAccessImpl.doIntersectionPrivilege(Unknown Source)
	at java.awt.EventQueue.dispatchEvent(Unknown Source)
	at java.awt.EventDispatchThread.pumpOneEventForFilters(Unknown Source)
	at java.awt.EventDispatchThread.pumpEventsForFilter(Unknown Source)
	at java.awt.EventDispatchThread.pumpEventsForHierarchy(Unknown Source)
	at java.awt.EventDispatchThread.pumpEvents(Unknown Source)
	at java.awt.EventDispatchThread.pumpEvents(Unknown Source)
	at java.awt.EventDispatchThread.run(Unknown Source)
FATAL [Thread-7] 2018-03-27 17:44:20,777 repast.simphony.ui.GUIScheduleRunner - RunTimeException when running the schedule
Current tick (1.0)
java.lang.RuntimeException: java.lang.reflect.InvocationTargetException
	at repast.simphony.engine.schedule.DynamicTargetAction.execute(DynamicTargetAction.java:72)
	at repast.simphony.engine.controller.ScheduledMethodControllerAction$ScheduleMethodAllAction.execute(ScheduledMethodControllerAction.java:333)
	at repast.simphony.engine.schedule.DefaultAction.execute(DefaultAction.java:38)
	at repast.simphony.engine.schedule.ScheduleGroup.executeList(ScheduleGroup.java:205)
	at repast.simphony.engine.schedule.ScheduleGroup.execute(ScheduleGroup.java:231)
	at repast.simphony.engine.schedule.Schedule.execute(Schedule.java:352)
	at repast.simphony.ui.GUIScheduleRunner$ScheduleLoopRunnable.run(GUIScheduleRunner.java:52)
	at java.lang.Thread.run(Unknown Source)
Caused by: java.lang.reflect.InvocationTargetException
	at serviceSimulationV2.MoveMent.ServiceMoveMent$$FastClassByCGLIB$$4c23127b.invoke(<generated>)
	at net.sf.cglib.reflect.FastMethod.invoke(FastMethod.java:53)
	at repast.simphony.engine.schedule.DynamicTargetAction.execute(DynamicTargetAction.java:69)
	... 7 more
Caused by: java.lang.ClassCastException: serviceSimulationV2.Stragety.ServiceStragety.MoveInStragety.RandomServiceMoveInStragety cannot be cast to java.util.HashMap
	at serviceSimulationV2.MoveMent.ServiceMoveMent.Appendent(ServiceMoveMent.java:37)
	... 10 more
FATAL [Thread-7] 2018-03-27 17:46:31,712 repast.simphony.ui.GUIScheduleRunner - RunTimeException when running the schedule
Current tick (1.0)
java.lang.RuntimeException: java.lang.reflect.InvocationTargetException
	at repast.simphony.engine.schedule.DynamicTargetAction.execute(DynamicTargetAction.java:72)
	at repast.simphony.engine.controller.ScheduledMethodControllerAction$ScheduleMethodAllAction.execute(ScheduledMethodControllerAction.java:333)
	at repast.simphony.engine.schedule.DefaultAction.execute(DefaultAction.java:38)
	at repast.simphony.engine.schedule.ScheduleGroup.executeList(ScheduleGroup.java:205)
	at repast.simphony.engine.schedule.ScheduleGroup.execute(ScheduleGroup.java:231)
	at repast.simphony.engine.schedule.Schedule.execute(Schedule.java:352)
	at repast.simphony.ui.GUIScheduleRunner$ScheduleLoopRunnable.run(GUIScheduleRunner.java:52)
	at java.lang.Thread.run(Unknown Source)
Caused by: java.lang.reflect.InvocationTargetException
	at serviceSimulationV2.MoveMent.ServiceMoveMent$$FastClassByCGLIB$$4c23127b.invoke(<generated>)
	at net.sf.cglib.reflect.FastMethod.invoke(FastMethod.java:53)
	at repast.simphony.engine.schedule.DynamicTargetAction.execute(DynamicTargetAction.java:69)
	... 7 more
Caused by: java.lang.NullPointerException
	at serviceSimulationV2.MoveMent.ServiceMoveMent.Appendent(ServiceMoveMent.java:49)
	... 10 more
FATAL [Thread-7] 2018-03-27 17:50:12,247 repast.simphony.ui.GUIScheduleRunner - RunTimeException when running the schedule
Current tick (1.0)
java.lang.RuntimeException: java.lang.reflect.InvocationTargetException
	at repast.simphony.engine.schedule.DynamicTargetAction.execute(DynamicTargetAction.java:72)
	at repast.simphony.engine.controller.ScheduledMethodControllerAction$ScheduleMethodAllAction.execute(ScheduledMethodControllerAction.java:333)
	at repast.simphony.engine.schedule.DefaultAction.execute(DefaultAction.java:38)
	at repast.simphony.engine.schedule.ScheduleGroup.executeList(ScheduleGroup.java:205)
	at repast.simphony.engine.schedule.ScheduleGroup.execute(ScheduleGroup.java:231)
	at repast.simphony.engine.schedule.Schedule.execute(Schedule.java:352)
	at repast.simphony.ui.GUIScheduleRunner$ScheduleLoopRunnable.run(GUIScheduleRunner.java:52)
	at java.lang.Thread.run(Unknown Source)
Caused by: java.lang.reflect.InvocationTargetException
	at serviceSimulationV2.MoveMent.ServiceMoveMent$$FastClassByCGLIB$$4c23127b.invoke(<generated>)
	at net.sf.cglib.reflect.FastMethod.invoke(FastMethod.java:53)
	at repast.simphony.engine.schedule.DynamicTargetAction.execute(DynamicTargetAction.java:69)
	... 7 more
Caused by: java.lang.NullPointerException
	at serviceSimulationV2.MoveMent.ServiceMoveMent.Appendent(ServiceMoveMent.java:53)
	... 10 more
FATAL [Thread-7] 2018-03-27 17:51:52,173 repast.simphony.ui.GUIScheduleRunner - RunTimeException when running the schedule
Current tick (1.0)
java.lang.RuntimeException: java.lang.reflect.InvocationTargetException
	at repast.simphony.engine.schedule.DynamicTargetAction.execute(DynamicTargetAction.java:72)
	at repast.simphony.engine.controller.ScheduledMethodControllerAction$ScheduleMethodAllAction.execute(ScheduledMethodControllerAction.java:333)
	at repast.simphony.engine.schedule.DefaultAction.execute(DefaultAction.java:38)
	at repast.simphony.engine.schedule.ScheduleGroup.executeList(ScheduleGroup.java:205)
	at repast.simphony.engine.schedule.ScheduleGroup.execute(ScheduleGroup.java:231)
	at repast.simphony.engine.schedule.Schedule.execute(Schedule.java:352)
	at repast.simphony.ui.GUIScheduleRunner$ScheduleLoopRunnable.run(GUIScheduleRunner.java:52)
	at java.lang.Thread.run(Unknown Source)
Caused by: java.lang.reflect.InvocationTargetException
	at serviceSimulationV2.MoveMent.ServiceMoveMent$$FastClassByCGLIB$$4c23127b.invoke(<generated>)
	at net.sf.cglib.reflect.FastMethod.invoke(FastMethod.java:53)
	at repast.simphony.engine.schedule.DynamicTargetAction.execute(DynamicTargetAction.java:69)
	... 7 more
Caused by: java.lang.NullPointerException
	at serviceSimulationV2.MoveMent.ServiceMoveMent.Appendent(ServiceMoveMent.java:57)
	... 10 more
FATAL [Thread-7] 2018-03-27 17:54:50,379 repast.simphony.ui.GUIScheduleRunner - RunTimeException when running the schedule
Current tick (1.0)
java.lang.RuntimeException: java.lang.reflect.InvocationTargetException
	at repast.simphony.engine.schedule.DynamicTargetAction.execute(DynamicTargetAction.java:72)
	at repast.simphony.engine.controller.ScheduledMethodControllerAction$ScheduleMethodAllAction.execute(ScheduledMethodControllerAction.java:333)
	at repast.simphony.engine.schedule.DefaultAction.execute(DefaultAction.java:38)
	at repast.simphony.engine.schedule.ScheduleGroup.executeList(ScheduleGroup.java:205)
	at repast.simphony.engine.schedule.ScheduleGroup.execute(ScheduleGroup.java:231)
	at repast.simphony.engine.schedule.Schedule.execute(Schedule.java:352)
	at repast.simphony.ui.GUIScheduleRunner$ScheduleLoopRunnable.run(GUIScheduleRunner.java:52)
	at java.lang.Thread.run(Unknown Source)
Caused by: java.lang.reflect.InvocationTargetException
	at serviceSimulationV2.MoveMent.ServiceMoveMent$$FastClassByCGLIB$$4c23127b.invoke(<generated>)
	at net.sf.cglib.reflect.FastMethod.invoke(FastMethod.java:53)
	at repast.simphony.engine.schedule.DynamicTargetAction.execute(DynamicTargetAction.java:69)
	... 7 more
Caused by: java.lang.NullPointerException
	at serviceSimulationV2.MoveMent.ServiceMoveMent.Appendent(ServiceMoveMent.java:57)
	... 10 more
FATAL [Thread-7] 2018-03-27 17:59:13,291 repast.simphony.ui.GUIScheduleRunner - RunTimeException when running the schedule
Current tick (3.0)
java.lang.RuntimeException: java.lang.reflect.InvocationTargetException
	at repast.simphony.engine.schedule.DynamicTargetAction.execute(DynamicTargetAction.java:72)
	at repast.simphony.engine.controller.ScheduledMethodControllerAction$ScheduleMethodAllAction.execute(ScheduledMethodControllerAction.java:333)
	at repast.simphony.engine.schedule.DefaultAction.execute(DefaultAction.java:38)
	at repast.simphony.engine.schedule.ScheduleGroup.executeList(ScheduleGroup.java:205)
	at repast.simphony.engine.schedule.ScheduleGroup.execute(ScheduleGroup.java:231)
	at repast.simphony.engine.schedule.Schedule.execute(Schedule.java:352)
	at repast.simphony.ui.GUIScheduleRunner$ScheduleLoopRunnable.run(GUIScheduleRunner.java:52)
	at java.lang.Thread.run(Unknown Source)
Caused by: java.lang.reflect.InvocationTargetException
	at serviceSimulationV2.MoveMent.ServiceMoveMent$$FastClassByCGLIB$$4c23127b.invoke(<generated>)
	at net.sf.cglib.reflect.FastMethod.invoke(FastMethod.java:53)
	at repast.simphony.engine.schedule.DynamicTargetAction.execute(DynamicTargetAction.java:69)
	... 7 more
Caused by: java.lang.IndexOutOfBoundsException: Index: 50, Size: 50
	at java.util.ArrayList.rangeCheck(Unknown Source)
	at java.util.ArrayList.get(Unknown Source)
	at serviceSimulationV2.Stragety.ServiceStragety.PropertyStragety.TagStragety.RandomTagStragety.getStragetyValue(RandomTagStragety.java:24)
	at serviceSimulationV2.Stragety.ServiceStragety.PropertyStragety.TagStragety.RandomTagStragety.getStragetyValue(RandomTagStragety.java:1)
	at serviceSimulationV2.MoveMent.ServiceMoveMent.Appendent(ServiceMoveMent.java:57)
	... 10 more
FATAL [Thread-7] 2018-03-28 16:45:02,293 repast.simphony.ui.GUIScheduleRunner - RunTimeException when running the schedule
Current tick (1.0)
java.lang.RuntimeException: java.lang.reflect.InvocationTargetException
	at repast.simphony.engine.schedule.DynamicTargetAction.execute(DynamicTargetAction.java:72)
	at repast.simphony.engine.controller.ScheduledMethodControllerAction$ScheduleMethodAllAction.execute(ScheduledMethodControllerAction.java:333)
	at repast.simphony.engine.schedule.DefaultAction.execute(DefaultAction.java:38)
	at repast.simphony.engine.schedule.ScheduleGroup.executeList(ScheduleGroup.java:205)
	at repast.simphony.engine.schedule.ScheduleGroup.execute(ScheduleGroup.java:231)
	at repast.simphony.engine.schedule.Schedule.execute(Schedule.java:352)
	at repast.simphony.ui.GUIScheduleRunner$ScheduleLoopRunnable.run(GUIScheduleRunner.java:52)
	at java.lang.Thread.run(Unknown Source)
Caused by: java.lang.reflect.InvocationTargetException
	at serviceSimulationV2.MoveMent.ServiceMoveMent$$FastClassByCGLIB$$4c23127b.invoke(<generated>)
	at net.sf.cglib.reflect.FastMethod.invoke(FastMethod.java:53)
	at repast.simphony.engine.schedule.DynamicTargetAction.execute(DynamicTargetAction.java:69)
	... 7 more
Caused by: java.lang.NullPointerException
	at serviceSimulationV2.ServiceGenerator.RandomServiceGenerator.next(RandomServiceGenerator.java:32)
	at serviceSimulationV2.ServiceGenerator.RandomServiceGenerator.next(RandomServiceGenerator.java:1)
	at serviceSimulationV2.MoveMent.ServiceMoveMent.Appendent(ServiceMoveMent.java:48)
	... 10 more
FATAL [Thread-7] 2018-03-28 23:11:59,015 repast.simphony.ui.GUIScheduleRunner - RunTimeException when running the schedule
Current tick (2.0)
java.lang.RuntimeException: java.lang.reflect.InvocationTargetException
	at repast.simphony.engine.schedule.DynamicTargetAction.execute(DynamicTargetAction.java:72)
	at repast.simphony.engine.controller.ScheduledMethodControllerAction$ScheduleMethodAllAction.execute(ScheduledMethodControllerAction.java:333)
	at repast.simphony.engine.schedule.DefaultAction.execute(DefaultAction.java:38)
	at repast.simphony.engine.schedule.ScheduleGroup.executeList(ScheduleGroup.java:205)
	at repast.simphony.engine.schedule.ScheduleGroup.execute(ScheduleGroup.java:231)
	at repast.simphony.engine.schedule.Schedule.execute(Schedule.java:352)
	at repast.simphony.ui.GUIScheduleRunner$ScheduleLoopRunnable.run(GUIScheduleRunner.java:52)
	at java.lang.Thread.run(Unknown Source)
Caused by: java.lang.reflect.InvocationTargetException
	at serviceSimulationV2.MoveMent.UserMoveMent$$FastClassByCGLIB$$731cb943.invoke(<generated>)
	at net.sf.cglib.reflect.FastMethod.invoke(FastMethod.java:53)
	at repast.simphony.engine.schedule.DynamicTargetAction.execute(DynamicTargetAction.java:69)
	... 7 more
Caused by: java.lang.NullPointerException
	at serviceSimulationV2.MoveMent.UserMoveMent.UserAppendent(UserMoveMent.java:27)
	... 10 more
FATAL [Thread-7] 2018-03-28 23:13:54,789 repast.simphony.ui.GUIScheduleRunner - RunTimeException when running the schedule
Current tick (2.0)
java.lang.RuntimeException: java.lang.reflect.InvocationTargetException
	at repast.simphony.engine.schedule.DynamicTargetAction.execute(DynamicTargetAction.java:72)
	at repast.simphony.engine.controller.ScheduledMethodControllerAction$ScheduleMethodAllAction.execute(ScheduledMethodControllerAction.java:333)
	at repast.simphony.engine.schedule.DefaultAction.execute(DefaultAction.java:38)
	at repast.simphony.engine.schedule.ScheduleGroup.executeList(ScheduleGroup.java:205)
	at repast.simphony.engine.schedule.ScheduleGroup.execute(ScheduleGroup.java:231)
	at repast.simphony.engine.schedule.Schedule.execute(Schedule.java:352)
	at repast.simphony.ui.GUIScheduleRunner$ScheduleLoopRunnable.run(GUIScheduleRunner.java:52)
	at java.lang.Thread.run(Unknown Source)
Caused by: java.lang.reflect.InvocationTargetException
	at serviceSimulationV2.MoveMent.UserMoveMent$$FastClassByCGLIB$$731cb943.invoke(<generated>)
	at net.sf.cglib.reflect.FastMethod.invoke(FastMethod.java:53)
	at repast.simphony.engine.schedule.DynamicTargetAction.execute(DynamicTargetAction.java:69)
	... 7 more
Caused by: java.lang.NullPointerException
	at serviceSimulationV2.MoveMent.UserMoveMent.UserAppendent(UserMoveMent.java:27)
	... 10 more
FATAL [Thread-7] 2018-03-28 23:14:56,787 repast.simphony.ui.GUIScheduleRunner - RunTimeException when running the schedule
Current tick (4.0)
java.lang.RuntimeException: java.lang.reflect.InvocationTargetException
	at repast.simphony.engine.schedule.DynamicTargetAction.execute(DynamicTargetAction.java:72)
	at repast.simphony.engine.controller.ScheduledMethodControllerAction$ScheduleMethodAllAction.execute(ScheduledMethodControllerAction.java:333)
	at repast.simphony.engine.schedule.DefaultAction.execute(DefaultAction.java:38)
	at repast.simphony.engine.schedule.ScheduleGroup.executeList(ScheduleGroup.java:205)
	at repast.simphony.engine.schedule.ScheduleGroup.execute(ScheduleGroup.java:231)
	at repast.simphony.engine.schedule.Schedule.execute(Schedule.java:352)
	at repast.simphony.ui.GUIScheduleRunner$ScheduleLoopRunnable.run(GUIScheduleRunner.java:52)
	at java.lang.Thread.run(Unknown Source)
Caused by: java.lang.reflect.InvocationTargetException
	at serviceSimulationV2.MoveMent.UserMoveMent$$FastClassByCGLIB$$731cb943.invoke(<generated>)
	at net.sf.cglib.reflect.FastMethod.invoke(FastMethod.java:53)
	at repast.simphony.engine.schedule.DynamicTargetAction.execute(DynamicTargetAction.java:69)
	... 7 more
Caused by: java.lang.IndexOutOfBoundsException: Index: 4, Size: 4
	at java.util.ArrayList.rangeCheck(Unknown Source)
	at java.util.ArrayList.get(Unknown Source)
	at serviceSimulationV2.Entity.Demand.RandomDemand.<init>(RandomDemand.java:27)
	at serviceSimulationV2.Stragety.DemandStragety.RandomDemandStragety.getStragetyValue(RandomDemandStragety.java:19)
	at serviceSimulationV2.Stragety.DemandStragety.RandomDemandStragety.getStragetyValue(RandomDemandStragety.java:1)
	at serviceSimulationV2.UserGenerator.RandomUserGenerator.next(RandomUserGenerator.java:29)
	at serviceSimulationV2.UserGenerator.RandomUserGenerator.next(RandomUserGenerator.java:1)
	at serviceSimulationV2.MoveMent.UserMoveMent.UserAppendent(UserMoveMent.java:29)
	... 10 more
FATAL [Thread-7] 2018-03-28 23:18:06,400 repast.simphony.ui.GUIScheduleRunner - RunTimeException when running the schedule
Current tick (16.0)
java.lang.RuntimeException: java.lang.reflect.InvocationTargetException
	at repast.simphony.engine.schedule.DynamicTargetAction.execute(DynamicTargetAction.java:72)
	at repast.simphony.engine.controller.ScheduledMethodControllerAction$ScheduleMethodAllAction.execute(ScheduledMethodControllerAction.java:333)
	at repast.simphony.engine.schedule.DefaultAction.execute(DefaultAction.java:38)
	at repast.simphony.engine.schedule.ScheduleGroup.executeList(ScheduleGroup.java:205)
	at repast.simphony.engine.schedule.ScheduleGroup.execute(ScheduleGroup.java:231)
	at repast.simphony.engine.schedule.Schedule.execute(Schedule.java:352)
	at repast.simphony.ui.GUIScheduleRunner$ScheduleLoopRunnable.run(GUIScheduleRunner.java:52)
	at java.lang.Thread.run(Unknown Source)
Caused by: java.lang.reflect.InvocationTargetException
	at serviceSimulationV2.MoveMent.UserMoveMent$$FastClassByCGLIB$$731cb943.invoke(<generated>)
	at net.sf.cglib.reflect.FastMethod.invoke(FastMethod.java:53)
	at repast.simphony.engine.schedule.DynamicTargetAction.execute(DynamicTargetAction.java:69)
	... 7 more
Caused by: java.lang.IndexOutOfBoundsException: Index: 4, Size: 4
	at java.util.ArrayList.rangeCheck(Unknown Source)
	at java.util.ArrayList.get(Unknown Source)
	at serviceSimulationV2.Entity.Demand.RandomDemand.<init>(RandomDemand.java:30)
	at serviceSimulationV2.Stragety.DemandStragety.RandomDemandStragety.getStragetyValue(RandomDemandStragety.java:19)
	at serviceSimulationV2.Stragety.DemandStragety.RandomDemandStragety.getStragetyValue(RandomDemandStragety.java:1)
	at serviceSimulationV2.UserGenerator.RandomUserGenerator.next(RandomUserGenerator.java:29)
	at serviceSimulationV2.UserGenerator.RandomUserGenerator.next(RandomUserGenerator.java:1)
	at serviceSimulationV2.MoveMent.UserMoveMent.UserAppendent(UserMoveMent.java:29)
	... 10 more
FATAL [Thread-7] 2018-03-29 00:43:55,278 repast.simphony.ui.GUIScheduleRunner - RunTimeException when running the schedule
Current tick (5.0)
java.lang.RuntimeException: java.lang.reflect.InvocationTargetException
	at repast.simphony.engine.schedule.DynamicTargetAction.execute(DynamicTargetAction.java:72)
	at repast.simphony.engine.controller.ScheduledMethodControllerAction$ScheduleMethodAllAction.execute(ScheduledMethodControllerAction.java:333)
	at repast.simphony.engine.schedule.DefaultAction.execute(DefaultAction.java:38)
	at repast.simphony.engine.schedule.ScheduleGroup.executeList(ScheduleGroup.java:205)
	at repast.simphony.engine.schedule.ScheduleGroup.execute(ScheduleGroup.java:231)
	at repast.simphony.engine.schedule.Schedule.execute(Schedule.java:352)
	at repast.simphony.ui.GUIScheduleRunner$ScheduleLoopRunnable.run(GUIScheduleRunner.java:52)
	at java.lang.Thread.run(Unknown Source)
Caused by: java.lang.reflect.InvocationTargetException
	at serviceSimulationV2.Entity.User$$FastClassByCGLIB$$57dff440.invoke(<generated>)
	at net.sf.cglib.reflect.FastMethod.invoke(FastMethod.java:53)
	at repast.simphony.engine.schedule.DynamicTargetAction.execute(DynamicTargetAction.java:69)
	... 7 more
Caused by: java.lang.ClassCastException: java.util.ArrayList cannot be cast to serviceSimulationV2.Entity.Service
	at serviceSimulationV2.Stragety.UserStragety.ServiceChooseStragety.RandomServiceChooseStragety.getService(RandomServiceChooseStragety.java:63)
	at serviceSimulationV2.Entity.User.chooseService(User.java:43)
	... 10 more
FATAL [Thread-7] 2018-03-29 00:50:48,245 repast.simphony.ui.GUIScheduleRunner - RunTimeException when running the schedule
Current tick (5.0)
java.lang.RuntimeException: java.lang.reflect.InvocationTargetException
	at repast.simphony.engine.schedule.DynamicTargetAction.execute(DynamicTargetAction.java:72)
	at repast.simphony.engine.controller.ScheduledMethodControllerAction$ScheduleMethodAllAction.execute(ScheduledMethodControllerAction.java:333)
	at repast.simphony.engine.schedule.DefaultAction.execute(DefaultAction.java:38)
	at repast.simphony.engine.schedule.ScheduleGroup.executeList(ScheduleGroup.java:205)
	at repast.simphony.engine.schedule.ScheduleGroup.execute(ScheduleGroup.java:231)
	at repast.simphony.engine.schedule.Schedule.execute(Schedule.java:352)
	at repast.simphony.ui.GUIScheduleRunner$ScheduleLoopRunnable.run(GUIScheduleRunner.java:52)
	at java.lang.Thread.run(Unknown Source)
Caused by: java.lang.reflect.InvocationTargetException
	at serviceSimulationV2.Entity.User$$FastClassByCGLIB$$57dff440.invoke(<generated>)
	at net.sf.cglib.reflect.FastMethod.invoke(FastMethod.java:53)
	at repast.simphony.engine.schedule.DynamicTargetAction.execute(DynamicTargetAction.java:69)
	... 7 more
Caused by: java.lang.NullPointerException
	at serviceSimulationV2.Stragety.UserStragety.ServiceChooseStragety.RandomServiceChooseStragety.getService(RandomServiceChooseStragety.java:61)
	at serviceSimulationV2.Entity.User.chooseService(User.java:43)
	... 10 more
FATAL [Thread-7] 2018-03-29 00:52:23,988 repast.simphony.ui.GUIScheduleRunner - RunTimeException when running the schedule
Current tick (5.0)
java.lang.RuntimeException: java.lang.reflect.InvocationTargetException
	at repast.simphony.engine.schedule.DynamicTargetAction.execute(DynamicTargetAction.java:72)
	at repast.simphony.engine.controller.ScheduledMethodControllerAction$ScheduleMethodAllAction.execute(ScheduledMethodControllerAction.java:333)
	at repast.simphony.engine.schedule.DefaultAction.execute(DefaultAction.java:38)
	at repast.simphony.engine.schedule.ScheduleGroup.executeList(ScheduleGroup.java:205)
	at repast.simphony.engine.schedule.ScheduleGroup.execute(ScheduleGroup.java:231)
	at repast.simphony.engine.schedule.Schedule.execute(Schedule.java:352)
	at repast.simphony.ui.GUIScheduleRunner$ScheduleLoopRunnable.run(GUIScheduleRunner.java:52)
	at java.lang.Thread.run(Unknown Source)
Caused by: java.lang.reflect.InvocationTargetException
	at serviceSimulationV2.Entity.User$$FastClassByCGLIB$$57dff440.invoke(<generated>)
	at net.sf.cglib.reflect.FastMethod.invoke(FastMethod.java:53)
	at repast.simphony.engine.schedule.DynamicTargetAction.execute(DynamicTargetAction.java:69)
	... 7 more
Caused by: java.lang.NullPointerException
	at serviceSimulationV2.Stragety.UserStragety.ServiceChooseStragety.RandomServiceChooseStragety.getService(RandomServiceChooseStragety.java:61)
	at serviceSimulationV2.Entity.User.chooseService(User.java:43)
	... 10 more
FATAL [Thread-7] 2018-03-29 08:39:33,868 repast.simphony.ui.GUIScheduleRunner - RunTimeException when running the schedule
Current tick (5.0)
java.lang.RuntimeException: java.lang.reflect.InvocationTargetException
	at repast.simphony.engine.schedule.DynamicTargetAction.execute(DynamicTargetAction.java:72)
	at repast.simphony.engine.controller.ScheduledMethodControllerAction$ScheduleMethodAllAction.execute(ScheduledMethodControllerAction.java:333)
	at repast.simphony.engine.schedule.DefaultAction.execute(DefaultAction.java:38)
	at repast.simphony.engine.schedule.ScheduleGroup.executeList(ScheduleGroup.java:205)
	at repast.simphony.engine.schedule.ScheduleGroup.execute(ScheduleGroup.java:231)
	at repast.simphony.engine.schedule.Schedule.execute(Schedule.java:352)
	at repast.simphony.ui.GUIScheduleRunner$ScheduleLoopRunnable.run(GUIScheduleRunner.java:52)
	at java.lang.Thread.run(Unknown Source)
Caused by: java.lang.reflect.InvocationTargetException
	at serviceSimulationV2.Entity.User$$FastClassByCGLIB$$57dff440.invoke(<generated>)
	at net.sf.cglib.reflect.FastMethod.invoke(FastMethod.java:53)
	at repast.simphony.engine.schedule.DynamicTargetAction.execute(DynamicTargetAction.java:69)
	... 7 more
Caused by: java.lang.NullPointerException
	at serviceSimulationV2.Stragety.UserStragety.ServiceChooseStragety.RandomServiceChooseStragety.getService(RandomServiceChooseStragety.java:64)
	at serviceSimulationV2.Entity.User.chooseService(User.java:43)
	... 10 more
FATAL [Thread-7] 2018-03-29 08:41:10,693 repast.simphony.ui.GUIScheduleRunner - RunTimeException when running the schedule
Current tick (5.0)
java.lang.RuntimeException: java.lang.reflect.InvocationTargetException
	at repast.simphony.engine.schedule.DynamicTargetAction.execute(DynamicTargetAction.java:72)
	at repast.simphony.engine.controller.ScheduledMethodControllerAction$ScheduleMethodAllAction.execute(ScheduledMethodControllerAction.java:333)
	at repast.simphony.engine.schedule.DefaultAction.execute(DefaultAction.java:38)
	at repast.simphony.engine.schedule.ScheduleGroup.executeList(ScheduleGroup.java:205)
	at repast.simphony.engine.schedule.ScheduleGroup.execute(ScheduleGroup.java:231)
	at repast.simphony.engine.schedule.Schedule.execute(Schedule.java:352)
	at repast.simphony.ui.GUIScheduleRunner$ScheduleLoopRunnable.run(GUIScheduleRunner.java:52)
	at java.lang.Thread.run(Unknown Source)
Caused by: java.lang.reflect.InvocationTargetException
	at serviceSimulationV2.Entity.User$$FastClassByCGLIB$$57dff440.invoke(<generated>)
	at net.sf.cglib.reflect.FastMethod.invoke(FastMethod.java:53)
	at repast.simphony.engine.schedule.DynamicTargetAction.execute(DynamicTargetAction.java:69)
	... 7 more
Caused by: java.lang.ClassCastException: java.util.ArrayList cannot be cast to serviceSimulationV2.Entity.Service
	at serviceSimulationV2.Stragety.UserStragety.ServiceChooseStragety.RandomServiceChooseStragety.getService(RandomServiceChooseStragety.java:66)
	at serviceSimulationV2.Entity.User.chooseService(User.java:43)
	... 10 more
FATAL [Thread-7] 2018-03-29 16:19:30,186 repast.simphony.ui.GUIScheduleRunner - RunTimeException when running the schedule
Current tick (6.0)
java.lang.RuntimeException: java.lang.reflect.InvocationTargetException
	at repast.simphony.engine.schedule.DynamicTargetAction.execute(DynamicTargetAction.java:72)
	at repast.simphony.engine.controller.ScheduledMethodControllerAction$ScheduleMethodAllAction.execute(ScheduledMethodControllerAction.java:333)
	at repast.simphony.engine.schedule.DefaultAction.execute(DefaultAction.java:38)
	at repast.simphony.engine.schedule.ScheduleGroup.executeList(ScheduleGroup.java:205)
	at repast.simphony.engine.schedule.ScheduleGroup.execute(ScheduleGroup.java:231)
	at repast.simphony.engine.schedule.Schedule.execute(Schedule.java:352)
	at repast.simphony.ui.GUIScheduleRunner$ScheduleLoopRunnable.run(GUIScheduleRunner.java:52)
	at java.lang.Thread.run(Unknown Source)
Caused by: java.lang.reflect.InvocationTargetException
	at serviceSimulationV2.MoveMent.ServiceMoveMent$$FastClassByCGLIB$$4c23127b.invoke(<generated>)
	at net.sf.cglib.reflect.FastMethod.invoke(FastMethod.java:53)
	at repast.simphony.engine.schedule.DynamicTargetAction.execute(DynamicTargetAction.java:69)
	... 7 more
Caused by: java.lang.NullPointerException
	at serviceSimulationV2.MoveMent.ServiceMoveMent.MoveOut(ServiceMoveMent.java:64)
	... 10 more
FATAL [Thread-7] 2018-03-29 16:23:26,938 repast.simphony.ui.GUIScheduleRunner - RunTimeException when running the schedule
Current tick (60.0)
java.lang.RuntimeException: java.lang.reflect.InvocationTargetException
	at repast.simphony.engine.schedule.DynamicTargetAction.execute(DynamicTargetAction.java:72)
	at repast.simphony.engine.controller.ScheduledMethodControllerAction$ScheduleMethodAllAction.execute(ScheduledMethodControllerAction.java:333)
	at repast.simphony.engine.schedule.DefaultAction.execute(DefaultAction.java:38)
	at repast.simphony.engine.schedule.ScheduleGroup.executeList(ScheduleGroup.java:205)
	at repast.simphony.engine.schedule.ScheduleGroup.execute(ScheduleGroup.java:231)
	at repast.simphony.engine.schedule.Schedule.execute(Schedule.java:352)
	at repast.simphony.ui.GUIScheduleRunner$ScheduleLoopRunnable.run(GUIScheduleRunner.java:52)
	at java.lang.Thread.run(Unknown Source)
Caused by: java.lang.reflect.InvocationTargetException
	at serviceSimulationV2.Entity.User$$FastClassByCGLIB$$57dff440.invoke(<generated>)
	at net.sf.cglib.reflect.FastMethod.invoke(FastMethod.java:53)
	at repast.simphony.engine.schedule.DynamicTargetAction.execute(DynamicTargetAction.java:69)
	... 7 more
Caused by: java.lang.IllegalArgumentException: At least one of these not in this graph: serviceSimulationV2.Entity.User@4fbe23e, serviceSimulationV2.Entity.Service@12e40bb2
	at edu.uci.ics.jung.graph.AbstractGraph.isNeighbor(AbstractGraph.java:136)
	at repast.simphony.space.graph.JungNetwork.isAdjacent(JungNetwork.java:146)
	at repast.simphony.context.space.graph.ContextJungNetwork.isAdjacent(ContextJungNetwork.java:209)
	at serviceSimulationV2.Entity.User.chooseService(User.java:53)
	... 10 more
FATAL [Thread-7] 2018-03-29 16:24:33,050 repast.simphony.ui.GUIScheduleRunner - RunTimeException when running the schedule
Current tick (10.0)
java.lang.RuntimeException: java.lang.reflect.InvocationTargetException
	at repast.simphony.engine.schedule.DynamicTargetAction.execute(DynamicTargetAction.java:72)
	at repast.simphony.engine.controller.ScheduledMethodControllerAction$ScheduleMethodAllAction.execute(ScheduledMethodControllerAction.java:333)
	at repast.simphony.engine.schedule.DefaultAction.execute(DefaultAction.java:38)
	at repast.simphony.engine.schedule.ScheduleGroup.executeList(ScheduleGroup.java:205)
	at repast.simphony.engine.schedule.ScheduleGroup.execute(ScheduleGroup.java:231)
	at repast.simphony.engine.schedule.Schedule.execute(Schedule.java:352)
	at repast.simphony.ui.GUIScheduleRunner$ScheduleLoopRunnable.run(GUIScheduleRunner.java:52)
	at java.lang.Thread.run(Unknown Source)
Caused by: java.lang.reflect.InvocationTargetException
	at serviceSimulationV2.Entity.User$$FastClassByCGLIB$$57dff440.invoke(<generated>)
	at net.sf.cglib.reflect.FastMethod.invoke(FastMethod.java:53)
	at repast.simphony.engine.schedule.DynamicTargetAction.execute(DynamicTargetAction.java:69)
	... 7 more
Caused by: java.lang.IllegalArgumentException: At least one of these not in this graph: serviceSimulationV2.Entity.User@5c62d528, serviceSimulationV2.Entity.Service@1e79cae1
	at edu.uci.ics.jung.graph.AbstractGraph.isNeighbor(AbstractGraph.java:136)
	at repast.simphony.space.graph.JungNetwork.isAdjacent(JungNetwork.java:146)
	at repast.simphony.context.space.graph.ContextJungNetwork.isAdjacent(ContextJungNetwork.java:209)
	at serviceSimulationV2.Entity.User.chooseService(User.java:53)
	... 10 more
FATAL [Thread-7] 2018-03-29 16:27:07,659 repast.simphony.ui.GUIScheduleRunner - RunTimeException when running the schedule
Current tick (10.0)
java.lang.NullPointerException
	at saf.v3d.scene.VEdge2D.update(VEdge2D.java:90)
	at repast.simphony.visualizationOGL2D.NetworkLayerOGL2D.update(NetworkLayerOGL2D.java:96)
	at repast.simphony.visualizationOGL2D.DisplayOGL2D.update(DisplayOGL2D.java:408)
	at repast.simphony.visualizationOGL2D.DisplayOGL2D.setPause(DisplayOGL2D.java:382)
	at repast.simphony.render.RendererManager.setPause(RendererManager.java:49)
	at repast.simphony.ui.GUIScheduleRunner.go(GUIScheduleRunner.java:134)
	at repast.simphony.ui.GUIScheduleRunner$ScheduleLoopRunnable.run(GUIScheduleRunner.java:48)
	at java.lang.Thread.run(Unknown Source)
FATAL [Thread-7] 2018-03-29 16:28:46,849 repast.simphony.ui.GUIScheduleRunner - RunTimeException when running the schedule
Current tick (11.0)
java.lang.NullPointerException
	at saf.v3d.scene.VEdge2D.update(VEdge2D.java:90)
	at repast.simphony.visualizationOGL2D.NetworkLayerOGL2D.update(NetworkLayerOGL2D.java:96)
	at repast.simphony.visualizationOGL2D.DisplayOGL2D.update(DisplayOGL2D.java:408)
	at repast.simphony.visualization.engine.DisplayComponentControllerAction$DisplayUpdater.execute(DisplayComponentControllerAction.java:44)
	at repast.simphony.engine.schedule.DefaultAction.execute(DefaultAction.java:38)
	at repast.simphony.engine.schedule.ScheduleGroup.executeList(ScheduleGroup.java:205)
	at repast.simphony.engine.schedule.ScheduleGroup.execute(ScheduleGroup.java:238)
	at repast.simphony.engine.schedule.Schedule.execute(Schedule.java:352)
	at repast.simphony.ui.GUIScheduleRunner$ScheduleLoopRunnable.run(GUIScheduleRunner.java:52)
	at java.lang.Thread.run(Unknown Source)
FATAL [Thread-7] 2018-03-29 16:30:28,600 repast.simphony.ui.GUIScheduleRunner - RunTimeException when running the schedule
Current tick (10.0)
java.lang.RuntimeException: java.lang.reflect.InvocationTargetException
	at repast.simphony.engine.schedule.DynamicTargetAction.execute(DynamicTargetAction.java:72)
	at repast.simphony.engine.controller.ScheduledMethodControllerAction$ScheduleMethodAllAction.execute(ScheduledMethodControllerAction.java:333)
	at repast.simphony.engine.schedule.DefaultAction.execute(DefaultAction.java:38)
	at repast.simphony.engine.schedule.ScheduleGroup.executeList(ScheduleGroup.java:205)
	at repast.simphony.engine.schedule.ScheduleGroup.execute(ScheduleGroup.java:231)
	at repast.simphony.engine.schedule.Schedule.execute(Schedule.java:352)
	at repast.simphony.ui.GUIScheduleRunner$ScheduleLoopRunnable.run(GUIScheduleRunner.java:52)
	at java.lang.Thread.run(Unknown Source)
Caused by: java.lang.reflect.InvocationTargetException
	at serviceSimulationV2.Entity.User$$FastClassByCGLIB$$57dff440.invoke(<generated>)
	at net.sf.cglib.reflect.FastMethod.invoke(FastMethod.java:53)
	at repast.simphony.engine.schedule.DynamicTargetAction.execute(DynamicTargetAction.java:69)
	... 7 more
Caused by: java.lang.IllegalArgumentException: At least one of these not in this graph: serviceSimulationV2.Entity.User@78e3c206, serviceSimulationV2.Entity.Service@3f622f86
	at edu.uci.ics.jung.graph.AbstractGraph.isNeighbor(AbstractGraph.java:136)
	at repast.simphony.space.graph.JungNetwork.isAdjacent(JungNetwork.java:146)
	at repast.simphony.context.space.graph.ContextJungNetwork.isAdjacent(ContextJungNetwork.java:209)
	at serviceSimulationV2.Entity.User.chooseService(User.java:53)
	... 10 more
